<?xml version="1.0" encoding="UTF-8"?>
<!-- Generated by org.testng.reporters.JUnitReportReporter -->
<testsuite skipped="5" hostname="LAPTOP-FOVU4HFP" name="com.employeeapi.testCases.TC003_Post_Employee_Record" tests="6" failures="0" timestamp="24 Aug 2019 09:29:28 GMT" time="0.000" errors="1">
  <testcase name="checkserverType" time="0.000" classname="com.employeeapi.testCases.TC003_Post_Employee_Record">
    <skipped/>
  </testcase> <!-- checkserverType -->
  <testcase name="checkcontentEncoding" time="0.000" classname="com.employeeapi.testCases.TC003_Post_Employee_Record">
    <skipped/>
  </testcase> <!-- checkcontentEncoding -->
  <testcase name="checkContentType" time="0.000" classname="com.employeeapi.testCases.TC003_Post_Employee_Record">
    <skipped/>
  </testcase> <!-- checkContentType -->
  <testcase name="createEmployee" time="0.000" classname="com.employeeapi.testCases.TC003_Post_Employee_Record">
    <error type="org.testng.TestNGException" message="
Parameter &#039;EmpName&#039; is required by BeforeClass on method createEmployee but has not been marked @Optional or defined
in C:\Users\Amit\AppData\Local\Temp\testng-eclipse--670419139\testng-customsuite.xml">
      <![CDATA[org.testng.TestNGException: 
Parameter 'EmpName' is required by BeforeClass on method createEmployee but has not been marked @Optional or defined
in C:\Users\Amit\AppData\Local\Temp\testng-eclipse--670419139\testng-customsuite.xml
at org.testng.internal.Parameters.createParams(Parameters.java:290)
at org.testng.internal.Parameters.createParametersForMethod(Parameters.java:359)
at org.testng.internal.Parameters.createParameters(Parameters.java:620)
at org.testng.internal.Parameters.createConfigurationParameters(Parameters.java:190)
at org.testng.internal.Invoker.invokeConfigurations(Invoker.java:209)
at org.testng.internal.Invoker.invokeConfigurations(Invoker.java:142)
at org.testng.internal.TestMethodWorker.invokeBeforeClassMethods(TestMethodWorker.java:168)
at org.testng.internal.TestMethodWorker.run(TestMethodWorker.java:105)
at org.testng.TestRunner.privateRun(TestRunner.java:648)
at org.testng.TestRunner.run(TestRunner.java:505)
at org.testng.SuiteRunner.runTest(SuiteRunner.java:455)
at org.testng.SuiteRunner.runSequentially(SuiteRunner.java:450)
at org.testng.SuiteRunner.privateRun(SuiteRunner.java:415)
at org.testng.SuiteRunner.run(SuiteRunner.java:364)
at org.testng.SuiteRunnerWorker.runSuite(SuiteRunnerWorker.java:52)
at org.testng.SuiteRunnerWorker.run(SuiteRunnerWorker.java:84)
at org.testng.TestNG.runSuitesSequentially(TestNG.java:1208)
at org.testng.TestNG.runSuitesLocally(TestNG.java:1137)
at org.testng.TestNG.runSuites(TestNG.java:1049)
at org.testng.TestNG.run(TestNG.java:1017)
at org.testng.remote.AbstractRemoteTestNG.run(AbstractRemoteTestNG.java:115)
at org.testng.remote.RemoteTestNG.initAndRun(RemoteTestNG.java:251)
at org.testng.remote.RemoteTestNG.main(RemoteTestNG.java:77)
]]>
    </error>
  </testcase> <!-- createEmployee -->
  <testcase name="checkstatusLine" time="0.000" classname="com.employeeapi.testCases.TC003_Post_Employee_Record">
    <skipped/>
  </testcase> <!-- checkstatusLine -->
  <testcase name="checkStatusCode" time="0.000" classname="com.employeeapi.testCases.TC003_Post_Employee_Record">
    <skipped/>
  </testcase> <!-- checkStatusCode -->
</testsuite> <!-- com.employeeapi.testCases.TC003_Post_Employee_Record -->
